#
# There is insufficient memory for the Java Runtime Environment to continue.
# Native memory allocation (mmap) failed to map 132120576 bytes for G1 virtual space
# Possible reasons:
#   The system is out of physical RAM or swap space
#   The process is running with CompressedOops enabled, and the Java Heap may be blocking the growth of the native heap
# Possible solutions:
#   Reduce memory load on the system
#   Increase physical memory or swap space
#   Check if swap backing store is full
#   Decrease Java heap size (-Xmx/-Xms)
#   Decrease number of Java threads
#   Decrease Java thread stack sizes (-Xss)
#   Set larger code cache with -XX:ReservedCodeCacheSize=
#   JVM is running with Unscaled Compressed Oops mode in which the Java heap is
#     placed in the first 4GB address space. The Java Heap base address is the
#     maximum limit for the native heap growth. Please use -XX:HeapBaseMinAddress
#     to set the Java Heap base and to place the Java Heap above 4GB virtual address.
# This output file may be truncated or incomplete.
#
#  Out of Memory Error (./open/src/hotspot/os/windows/os_windows.cpp:3472), pid=14848, tid=16448
#
# JRE version:  (15.0+36) (build )
# Java VM: Java HotSpot(TM) 64-Bit Server VM (15+36-1562, mixed mode, sharing, tiered, compressed oops, g1 gc, windows-amd64)
# No core dump will be written. Minidumps are not enabled by default on client versions of Windows
#

---------------  S U M M A R Y ------------

Command Line: Main

Host: Intel(R) Core(TM) i5-7200U CPU @ 2.50GHz, 4 cores, 7G,  Windows 10 , 64 bit Build 19041 (10.0.19041.1889)
Time: Thu Sep  8 11:26:03 2022 Pacific Daylight Time elapsed time: 0.016456 seconds (0d 0h 0m 0s)

---------------  T H R E A D  ---------------

Current thread (0x0000029aade8cff0):  JavaThread "Unknown thread" [_thread_in_vm, id=16448, stack(0x000000bf28000000,0x000000bf28100000)]

Stack: [0x000000bf28000000,0x000000bf28100000]
Native frames: (J=compiled Java code, j=interpreted, Vv=VM code, C=native code)
V  [jvm.dll+0x629eaa]
V  [jvm.dll+0x780379]
V  [jvm.dll+0x781ad3]
V  [jvm.dll+0x782133]
V  [jvm.dll+0x2159d5]
V  [jvm.dll+0x627299]
V  [jvm.dll+0x61bdd5]
V  [jvm.dll+0x2cf96d]
V  [jvm.dll+0x2cf7d2]
V  [jvm.dll+0x2d57ac]
V  [jvm.dll+0x32523a]
V  [jvm.dll+0x324904]
V  [jvm.dll+0x2a68ea]
V  [jvm.dll+0x2a7a88]
V  [jvm.dll+0x75d0f1]
V  [jvm.dll+0x333af4]
V  [jvm.dll+0x73d816]
V  [jvm.dll+0x3b68e7]
V  [jvm.dll+0x3b8371]
C  [jli.dll+0x52fb]
C  [ucrtbase.dll+0x21bb2]
C  [KERNEL32.DLL+0x17034]
C  [ntdll.dll+0x52651]


---------------  P R O C E S S  ---------------

Threads class SMR info:
_java_thread_list=0x00007fff8a822fa0, length=0, elements={
}

Java Threads: ( => current thread )

Other Threads:
  0x0000029aaff91fd0 GCTaskThread "GC Thread#0" [stack: 0x000000bf28100000,0x000000bf28200000] [id=18024]
  0x0000029aaffa2d20 ConcurrentGCThread "G1 Main Marker" [stack: 0x000000bf28200000,0x000000bf28300000] [id=17296]
  0x0000029aaffa40b0 ConcurrentGCThread "G1 Conc#0" [stack: 0x000000bf28300000,0x000000bf28400000] [id=16904]

[error occurred during error reporting (printing all threads), id 0xc0000005, EXCEPTION_ACCESS_VIOLATION (0xc0000005) at pc=0x00007fff8a0177b7]

VM state: not at safepoint (not fully initialized)

VM Mutex/Monitor currently owned by a thread:  ([mutex/lock_event])
[0x0000029aade8cf20] Heap_lock - owner thread: 0x0000029aade8cff0

Heap address: 0x0000000082000000, size: 2016 MB, Compressed Oops mode: 32-bit
CDS archive(s) mapped at: [0x0000000000000000-0x0000000000000000-0x0000000000000000), size 0, SharedBaseAddress: 0x0000000800000000, ArchiveRelocationMode: 0.
Narrow klass base: 0x0000000000000000, Narrow klass shift: 0, Narrow klass range: 0x0

Heap:
 garbage-first heap   total 129024K, used 0K [0x0000000082000000, 0x0000000100000000)
  region size 1024K, 0 young (0K), 0 survivors (0K)
 Metaspace       used 0K, capacity 0K, committed 0K, reserved 0K
  class space    used 0K, capacity 0K, committed 0K, reserved 0K

Heap Regions: E=young(eden), S=young(survivor), O=old, HS=humongous(starts), HC=humongous(continues), CS=collection set, F=free, OA=open archive, CA=closed archive, TAMS=top-at-mark-start (previous, next)

Card table byte_map: [0x0000029ac7580000,0x0000029ac7970000] _byte_map_base: 0x0000029ac7170000

Marking Bits (Prev, Next): (CMBitMap*) 0x0000029aaff927c0, (CMBitMap*) 0x0000029aaff92800
 Prev Bits: [0x0000029ac7d60000, 0x0000029ac9ce0000)
 Next Bits: [0x0000029ac9ce0000, 0x0000029acbc60000)

GC Heap History (0 events):
No events

Deoptimization events (0 events):
No events

Classes unloaded (0 events):
No events

Classes redefined (0 events):
No events

Internal exceptions (0 events):
No events

Events (1 events):
Event: 0.008 Loaded shared library C:\Program Files\Java\jdk-15\bin\java.dll


Dynamic libraries:
0x00007ff6dd690000 - 0x00007ff6dd69f000 	C:\Program Files\Java\jdk-15\bin\java.exe
0x00007ffff5290000 - 0x00007ffff5488000 	C:\WINDOWS\SYSTEM32\ntdll.dll
0x00007ffff3490000 - 0x00007ffff354d000 	C:\WINDOWS\System32\KERNEL32.DLL
0x00007ffff2be0000 - 0x00007ffff2eae000 	C:\WINDOWS\System32\KERNELBASE.dll
0x00007ffff2eb0000 - 0x00007ffff2fb0000 	C:\WINDOWS\System32\ucrtbase.dll
0x00007fffda6b0000 - 0x00007fffda6c8000 	C:\Program Files\Java\jdk-15\bin\jli.dll
0x00007fffd80d0000 - 0x00007fffd80e9000 	C:\Program Files\Java\jdk-15\bin\VCRUNTIME140.dll
0x00007ffff3da0000 - 0x00007ffff3e4e000 	C:\WINDOWS\System32\ADVAPI32.dll
0x00007ffff4fa0000 - 0x00007ffff503e000 	C:\WINDOWS\System32\msvcrt.dll
0x00007ffff33f0000 - 0x00007ffff348c000 	C:\WINDOWS\System32\sechost.dll
0x00007ffff3a60000 - 0x00007ffff3b85000 	C:\WINDOWS\System32\RPCRT4.dll
0x00007ffff4e00000 - 0x00007ffff4fa0000 	C:\WINDOWS\System32\USER32.dll
0x00007ffff3290000 - 0x00007ffff32b2000 	C:\WINDOWS\System32\win32u.dll
0x00007fffe2670000 - 0x00007fffe290a000 	C:\WINDOWS\WinSxS\amd64_microsoft.windows.common-controls_6595b64144ccf1df_6.0.19041.1110_none_60b5254171f9507e\COMCTL32.dll
0x00007ffff4d70000 - 0x00007ffff4d9a000 	C:\WINDOWS\System32\GDI32.dll
0x00007ffff2ad0000 - 0x00007ffff2bdb000 	C:\WINDOWS\System32\gdi32full.dll
0x00007ffff3000000 - 0x00007ffff309d000 	C:\WINDOWS\System32\msvcp_win.dll
0x00007fffec120000 - 0x00007fffec12a000 	C:\WINDOWS\SYSTEM32\VERSION.dll
0x00007ffff4ce0000 - 0x00007ffff4d10000 	C:\WINDOWS\System32\IMM32.DLL
0x00007fffee8f0000 - 0x00007fffee8fc000 	C:\Program Files\Java\jdk-15\bin\vcruntime140_1.dll
0x00007fffd1010000 - 0x00007fffd10a1000 	C:\Program Files\Java\jdk-15\bin\msvcp140.dll
0x00007fff89d60000 - 0x00007fff8a8bc000 	C:\Program Files\Java\jdk-15\bin\server\jvm.dll
0x00007ffff3d90000 - 0x00007ffff3d98000 	C:\WINDOWS\System32\PSAPI.DLL
0x00007fffd21a0000 - 0x00007fffd21a9000 	C:\WINDOWS\SYSTEM32\WSOCK32.dll
0x00007fffe2910000 - 0x00007fffe2937000 	C:\WINDOWS\SYSTEM32\WINMM.dll
0x00007ffff32f0000 - 0x00007ffff335b000 	C:\WINDOWS\System32\WS2_32.dll
0x00007ffff08b0000 - 0x00007ffff08c2000 	C:\WINDOWS\SYSTEM32\kernel.appcore.dll
0x00007fffd80c0000 - 0x00007fffd80ca000 	C:\Program Files\Java\jdk-15\bin\jimage.dll
0x00007fffd7250000 - 0x00007fffd7434000 	C:\WINDOWS\SYSTEM32\DBGHELP.DLL
0x00007fffd74a0000 - 0x00007fffd74cc000 	C:\WINDOWS\SYSTEM32\dbgcore.DLL
0x00007ffff30a0000 - 0x00007ffff3122000 	C:\WINDOWS\System32\bcryptPrimitives.dll
0x00007fffd20b0000 - 0x00007fffd20d5000 	C:\Program Files\Java\jdk-15\bin\java.dll

dbghelp: loaded successfully - version: 4.0.5 - missing functions: none
symbol engine: initialized successfully - sym options: 0x614 - pdb path: .;C:\Program Files\Java\jdk-15\bin;C:\WINDOWS\SYSTEM32;C:\WINDOWS\WinSxS\amd64_microsoft.windows.common-controls_6595b64144ccf1df_6.0.19041.1110_none_60b5254171f9507e;C:\Program Files\Java\jdk-15\bin\server

VM Arguments:
java_command: Main
java_class_path (initial): C:\Users\isabella\Desktop\CodeStuff\databases\Kstack\target\classes
Launcher Type: SUN_STANDARD

[Global flags]
     intx CICompilerCount                          = 3                                         {product} {ergonomic}
     uint ConcGCThreads                            = 1                                         {product} {ergonomic}
     uint G1ConcRefinementThreads                  = 4                                         {product} {ergonomic}
   size_t G1HeapRegionSize                         = 1048576                                   {product} {ergonomic}
    uintx GCDrainStackTargetSize                   = 64                                        {product} {ergonomic}
   size_t InitialHeapSize                          = 132120576                                 {product} {ergonomic}
   size_t MarkStackSize                            = 4194304                                   {product} {ergonomic}
   size_t MaxHeapSize                              = 2113929216                                {product} {ergonomic}
   size_t MinHeapDeltaBytes                        = 1048576                                   {product} {ergonomic}
   size_t MinHeapSize                              = 8388608                                   {product} {ergonomic}
    uintx NonNMethodCodeHeapSize                   = 5832780                                {pd product} {ergonomic}
    uintx NonProfiledCodeHeapSize                  = 122912730                              {pd product} {ergonomic}
    uintx ProfiledCodeHeapSize                     = 122912730                              {pd product} {ergonomic}
    uintx ReservedCodeCacheSize                    = 251658240                              {pd product} {ergonomic}
     bool SegmentedCodeCache                       = true                                      {product} {ergonomic}
   size_t SoftMaxHeapSize                          = 2113929216                             {manageable} {ergonomic}
     bool UseCompressedClassPointers               = true                                 {lp64_product} {ergonomic}
     bool UseCompressedOops                        = true                                 {lp64_product} {ergonomic}
     bool UseG1GC                                  = true                                      {product} {ergonomic}
     bool UseLargePagesIndividualAllocation        = false                                  {pd product} {ergonomic}

Logging:
Log output configuration:
 #0: stdout all=warning uptime,level,tags
 #1: stderr all=off uptime,level,tags

Environment Variables:
JAVA_HOME=C:\Program Files\Java\jdk-15
PATH=C:\Program Files\Common Files\Oracle\Java\javapath;C:\Program Files (x86)\Common Files\Oracle\Java\javapath;C:\ProgramData\Oracle\Java\javapath;C:\Program Files (x86)\Intel\iCLS Client\;C:\Program Files\Intel\iCLS Client\;C:\Windows\system32;C:\Windows;C:\Windows\System32\Wbem;C:\Windows\System32\WindowsPowerShell\v1.0\;C:\Program Files (x86)\Intel\Intel(R) Management Engine Components\DAL;C:\Program Files\Intel\Intel(R) Management Engine Components\DAL;C:\Program Files (x86)\Intel\Intel(R) Management Engine Components\IPT;C:\Program Files\Intel\Intel(R) Management Engine Components\IPT;C:\Program Files (x86)\NVIDIA Corporation\PhysX\Common;C:\WINDOWS\system32;C:\WINDOWS;C:\WINDOWS\System32\Wbem;C:\WINDOWS\System32\WindowsPowerShell\v1.0\;C:\Program Files (x86)\IVI Foundation\VISA\WinNT\Bin;C:\Program Files\nodejs\;C:\WINDOWS\System32\OpenSSH\;C:\Program Files\PROS\cquery;C:\Program Files\PROS\cli;C:\Program Files\Git\cmd;C:\Program Files\dotnet\;C:\Users\isabella\AppData\Local\Microsoft\WindowsApps;C:\Users\isabella\AppData\Local\Programs\Python\Python36;C:\Users\isabella\AppData\Local\Programs\Python\Python36\Scripts;C:\Users\isabella\AppData\Roaming\npm;
USERNAME=isabella
OS=Windows_NT
PROCESSOR_IDENTIFIER=Intel64 Family 6 Model 142 Stepping 9, GenuineIntel



---------------  S Y S T E M  ---------------

OS:
 Windows 10 , 64 bit Build 19041 (10.0.19041.1889)
OS uptime: 1 days 4:32 hours

CPU: total 4 (initial active 4) (2 cores per cpu, 2 threads per core) family 6 model 142 stepping 9, cmov, cx8, fxsr, mmx, sse, sse2, sse3, ssse3, sse4.1, sse4.2, popcnt, vzeroupper, avx, avx2, aes, clmul, erms, 3dnowpref, lzcnt, ht, tsc, tscinvbit, bmi1, bmi2, adx, fma, clflush, clflushopt

Memory: 4k page, system-wide physical 8060M (400M free)
TotalPageFile size 9946M (AvailPageFile size 60M)
current process WorkingSet (physical memory assigned to process): 10M, peak: 10M
current process commit charge ("private bytes"): 51M, peak: 177M

vm_info: Java HotSpot(TM) 64-Bit Server VM (15+36-1562) for windows-amd64 JRE (15+36-1562), built on Aug 11 2020 22:38:02 by "mach5one" with unknown MS VC++:1925

END.
