#
# There is insufficient memory for the Java Runtime Environment to continue.
# Native memory allocation (malloc) failed to allocate 32744 bytes for ChunkPool::allocate
# Possible reasons:
#   The system is out of physical RAM or swap space
#   The process is running with CompressedOops enabled, and the Java Heap may be blocking the growth of the native heap
# Possible solutions:
#   Reduce memory load on the system
#   Increase physical memory or swap space
#   Check if swap backing store is full
#   Decrease Java heap size (-Xmx/-Xms)
#   Decrease number of Java threads
#   Decrease Java thread stack sizes (-Xss)
#   Set larger code cache with -XX:ReservedCodeCacheSize=
#   JVM is running with Unscaled Compressed Oops mode in which the Java heap is
#     placed in the first 4GB address space. The Java Heap base address is the
#     maximum limit for the native heap growth. Please use -XX:HeapBaseMinAddress
#     to set the Java Heap base and to place the Java Heap above 4GB virtual address.
# This output file may be truncated or incomplete.
#
#  Out of Memory Error (./open/src/hotspot/share/memory/arena.cpp:79), pid=4548, tid=7328
#
# JRE version: Java(TM) SE Runtime Environment (15.0+36) (build 15+36-1562)
# Java VM: Java HotSpot(TM) 64-Bit Server VM (15+36-1562, mixed mode, tiered, compressed oops, g1 gc, windows-amd64)
# No core dump will be written. Minidumps are not enabled by default on client versions of Windows
#

---------------  S U M M A R Y ------------

Command Line: Main

Host: Intel(R) Core(TM) i5-7200U CPU @ 2.50GHz, 4 cores, 7G,  Windows 10 , 64 bit Build 19041 (10.0.19041.1889)
Time: Thu Sep  8 11:26:16 2022 Pacific Daylight Time elapsed time: 0.077775 seconds (0d 0h 0m 0s)

---------------  T H R E A D  ---------------

Current thread (0x000001eec51de380):  JavaThread "C2 CompilerThread0" daemon [_thread_in_native, id=7328, stack(0x00000065b9f00000,0x00000065ba000000)]


Current CompileTask:
C2:     77   16       4       java.lang.StringLatin1::hashCode (42 bytes)

Stack: [0x00000065b9f00000,0x00000065ba000000]
Native frames: (J=compiled Java code, j=interpreted, Vv=VM code, C=native code)
V  [jvm.dll+0x629eaa]
V  [jvm.dll+0x780379]
V  [jvm.dll+0x781ad3]
V  [jvm.dll+0x782133]
V  [jvm.dll+0x2159d5]
V  [jvm.dll+0x97cdf]
V  [jvm.dll+0x9802c]
V  [jvm.dll+0x53faaf]
V  [jvm.dll+0x1f27f4]
V  [jvm.dll+0x1ec1c1]
V  [jvm.dll+0x1e8f37]
V  [jvm.dll+0x177f17]
V  [jvm.dll+0x1f88f5]
V  [jvm.dll+0x1f699c]
V  [jvm.dll+0x74384d]
V  [jvm.dll+0x73c64a]
V  [jvm.dll+0x628d16]
C  [ucrtbase.dll+0x21bb2]
C  [KERNEL32.DLL+0x17034]
C  [ntdll.dll+0x52651]


---------------  P R O C E S S  ---------------

Threads class SMR info:
_java_thread_list=0x000001eec5bbcba0, length=10, elements={
0x000001eea6fa1070, 0x000001eec59f3140, 0x000001eec51bf020, 0x000001eec51d98d0,
0x000001eec51da290, 0x000001eec51dad40, 0x000001eec51de380, 0x000001eec5a0df40,
0x000001eec5a165f0, 0x000001eec5bbfc50
}

Java Threads: ( => current thread )
  0x000001eea6fa1070 JavaThread "main" [_thread_in_vm, id=18012, stack(0x00000065b9300000,0x00000065b9400000)]
  0x000001eec59f3140 JavaThread "Reference Handler" daemon [_thread_blocked, id=13928, stack(0x00000065b9a00000,0x00000065b9b00000)]
  0x000001eec51bf020 JavaThread "Finalizer" daemon [_thread_blocked, id=1860, stack(0x00000065b9b00000,0x00000065b9c00000)]
  0x000001eec51d98d0 JavaThread "Signal Dispatcher" daemon [_thread_blocked, id=19152, stack(0x00000065b9c00000,0x00000065b9d00000)]
  0x000001eec51da290 JavaThread "Attach Listener" daemon [_thread_blocked, id=16400, stack(0x00000065b9d00000,0x00000065b9e00000)]
  0x000001eec51dad40 JavaThread "Service Thread" daemon [_thread_blocked, id=16416, stack(0x00000065b9e00000,0x00000065b9f00000)]
=>0x000001eec51de380 JavaThread "C2 CompilerThread0" daemon [_thread_in_native, id=7328, stack(0x00000065b9f00000,0x00000065ba000000)]
  0x000001eec5a0df40 JavaThread "C1 CompilerThread0" daemon [_thread_blocked, id=16644, stack(0x00000065ba000000,0x00000065ba100000)]
  0x000001eec5a165f0 JavaThread "Sweeper thread" daemon [_thread_blocked, id=16072, stack(0x00000065ba100000,0x00000065ba200000)]
  0x000001eec5bbfc50 JavaThread "Notification Thread" daemon [_thread_blocked, id=18196, stack(0x00000065ba200000,0x00000065ba300000)]

Other Threads:
  0x000001eec51742b0 VMThread "VM Thread" [stack: 0x00000065b9900000,0x00000065b9a00000] [id=14600]
  0x000001eea6fe1050 GCTaskThread "GC Thread#0" [stack: 0x00000065b9400000,0x00000065b9500000] [id=12508]
  0x000001eea6ff2e30 ConcurrentGCThread "G1 Main Marker" [stack: 0x00000065b9500000,0x00000065b9600000] [id=5680]
  0x000001eea6ff3a20 ConcurrentGCThread "G1 Conc#0" [stack: 0x00000065b9600000,0x00000065b9700000] [id=14972]
  0x000001eea706c880 ConcurrentGCThread "G1 Refine#0" [stack: 0x00000065b9700000,0x00000065b9800000] [id=18092]
  0x000001eea706e1d0 ConcurrentGCThread "G1 Young RemSet Sampling" [stack: 0x00000065b9800000,0x00000065b9900000] [id=6552]

Threads with active compile tasks:
C2 CompilerThread0      104   16       4       java.lang.StringLatin1::hashCode (42 bytes)

VM state: not at safepoint (normal execution)

VM Mutex/Monitor currently owned by a thread: None

Heap address: 0x0000000082000000, size: 2016 MB, Compressed Oops mode: 32-bit
CDS disabled.
Compressed class space mapped at: 0x0000000100000000-0x0000000140000000, size: 1073741824
Narrow klass base: 0x0000000000000000, Narrow klass shift: 3, Narrow klass range: 0x140000000

GC Precious Log:
 CPUs: 4 total, 4 available
 Memory: 8060M
 Large Page Support: Disabled
 NUMA Support: Disabled
 Compressed Oops: Enabled (32-bit)
 Heap Region Size: 1M
 Heap Min Capacity: 8M
 Heap Initial Capacity: 126M
 Heap Max Capacity: 2016M
 Pre-touch: Disabled
 Parallel Workers: 4
 Concurrent Workers: 1
 Concurrent Refinement Workers: 4
 Periodic GC: Disabled

Heap:
 garbage-first heap   total 129024K, used 0K [0x0000000082000000, 0x0000000100000000)
  region size 1024K, 1 young (1024K), 0 survivors (0K)
 Metaspace       used 3430K, capacity 4480K, committed 4480K, reserved 1056768K
  class space    used 276K, capacity 384K, committed 384K, reserved 1048576K

Heap Regions: E=young(eden), S=young(survivor), O=old, HS=humongous(starts), HC=humongous(continues), CS=collection set, F=free, OA=open archive, CA=closed archive, TAMS=top-at-mark-start (previous, next)
|   0|0x0000000082000000, 0x0000000082000000, 0x0000000082100000|  0%| F|  |TAMS 0x0000000082000000, 0x0000000082000000| Untracked 
|   1|0x0000000082100000, 0x0000000082100000, 0x0000000082200000|  0%| F|  |TAMS 0x0000000082100000, 0x0000000082100000| Untracked 
|   2|0x0000000082200000, 0x0000000082200000, 0x0000000082300000|  0%| F|  |TAMS 0x0000000082200000, 0x0000000082200000| Untracked 
|   3|0x0000000082300000, 0x0000000082300000, 0x0000000082400000|  0%| F|  |TAMS 0x0000000082300000, 0x0000000082300000| Untracked 
|   4|0x0000000082400000, 0x0000000082400000, 0x0000000082500000|  0%| F|  |TAMS 0x0000000082400000, 0x0000000082400000| Untracked 
|   5|0x0000000082500000, 0x0000000082500000, 0x0000000082600000|  0%| F|  |TAMS 0x0000000082500000, 0x0000000082500000| Untracked 
|   6|0x0000000082600000, 0x0000000082600000, 0x0000000082700000|  0%| F|  |TAMS 0x0000000082600000, 0x0000000082600000| Untracked 
|   7|0x0000000082700000, 0x0000000082700000, 0x0000000082800000|  0%| F|  |TAMS 0x0000000082700000, 0x0000000082700000| Untracked 
|   8|0x0000000082800000, 0x0000000082800000, 0x0000000082900000|  0%| F|  |TAMS 0x0000000082800000, 0x0000000082800000| Untracked 
|   9|0x0000000082900000, 0x0000000082900000, 0x0000000082a00000|  0%| F|  |TAMS 0x0000000082900000, 0x0000000082900000| Untracked 
|  10|0x0000000082a00000, 0x0000000082a00000, 0x0000000082b00000|  0%| F|  |TAMS 0x0000000082a00000, 0x0000000082a00000| Untracked 
|  11|0x0000000082b00000, 0x0000000082b00000, 0x0000000082c00000|  0%| F|  |TAMS 0x0000000082b00000, 0x0000000082b00000| Untracked 
|  12|0x0000000082c00000, 0x0000000082c00000, 0x0000000082d00000|  0%| F|  |TAMS 0x0000000082c00000, 0x0000000082c00000| Untracked 
|  13|0x0000000082d00000, 0x0000000082d00000, 0x0000000082e00000|  0%| F|  |TAMS 0x0000000082d00000, 0x0000000082d00000| Untracked 
|  14|0x0000000082e00000, 0x0000000082e00000, 0x0000000082f00000|  0%| F|  |TAMS 0x0000000082e00000, 0x0000000082e00000| Untracked 
|  15|0x0000000082f00000, 0x0000000082f00000, 0x0000000083000000|  0%| F|  |TAMS 0x0000000082f00000, 0x0000000082f00000| Untracked 
|  16|0x0000000083000000, 0x0000000083000000, 0x0000000083100000|  0%| F|  |TAMS 0x0000000083000000, 0x0000000083000000| Untracked 
|  17|0x0000000083100000, 0x0000000083100000, 0x0000000083200000|  0%| F|  |TAMS 0x0000000083100000, 0x0000000083100000| Untracked 
|  18|0x0000000083200000, 0x0000000083200000, 0x0000000083300000|  0%| F|  |TAMS 0x0000000083200000, 0x0000000083200000| Untracked 
|  19|0x0000000083300000, 0x0000000083300000, 0x0000000083400000|  0%| F|  |TAMS 0x0000000083300000, 0x0000000083300000| Untracked 
|  20|0x0000000083400000, 0x0000000083400000, 0x0000000083500000|  0%| F|  |TAMS 0x0000000083400000, 0x0000000083400000| Untracked 
|  21|0x0000000083500000, 0x0000000083500000, 0x0000000083600000|  0%| F|  |TAMS 0x0000000083500000, 0x0000000083500000| Untracked 
|  22|0x0000000083600000, 0x0000000083600000, 0x0000000083700000|  0%| F|  |TAMS 0x0000000083600000, 0x0000000083600000| Untracked 
|  23|0x0000000083700000, 0x0000000083700000, 0x0000000083800000|  0%| F|  |TAMS 0x0000000083700000, 0x0000000083700000| Untracked 
|  24|0x0000000083800000, 0x0000000083800000, 0x0000000083900000|  0%| F|  |TAMS 0x0000000083800000, 0x0000000083800000| Untracked 
|  25|0x0000000083900000, 0x0000000083900000, 0x0000000083a00000|  0%| F|  |TAMS 0x0000000083900000, 0x0000000083900000| Untracked 
|  26|0x0000000083a00000, 0x0000000083a00000, 0x0000000083b00000|  0%| F|  |TAMS 0x0000000083a00000, 0x0000000083a00000| Untracked 
|  27|0x0000000083b00000, 0x0000000083b00000, 0x0000000083c00000|  0%| F|  |TAMS 0x0000000083b00000, 0x0000000083b00000| Untracked 
|  28|0x0000000083c00000, 0x0000000083c00000, 0x0000000083d00000|  0%| F|  |TAMS 0x0000000083c00000, 0x0000000083c00000| Untracked 
|  29|0x0000000083d00000, 0x0000000083d00000, 0x0000000083e00000|  0%| F|  |TAMS 0x0000000083d00000, 0x0000000083d00000| Untracked 
|  30|0x0000000083e00000, 0x0000000083e00000, 0x0000000083f00000|  0%| F|  |TAMS 0x0000000083e00000, 0x0000000083e00000| Untracked 
|  31|0x0000000083f00000, 0x0000000083f00000, 0x0000000084000000|  0%| F|  |TAMS 0x0000000083f00000, 0x0000000083f00000| Untracked 
|  32|0x0000000084000000, 0x0000000084000000, 0x0000000084100000|  0%| F|  |TAMS 0x0000000084000000, 0x0000000084000000| Untracked 
|  33|0x0000000084100000, 0x0000000084100000, 0x0000000084200000|  0%| F|  |TAMS 0x0000000084100000, 0x0000000084100000| Untracked 
|  34|0x0000000084200000, 0x0000000084200000, 0x0000000084300000|  0%| F|  |TAMS 0x0000000084200000, 0x0000000084200000| Untracked 
|  35|0x0000000084300000, 0x0000000084300000, 0x0000000084400000|  0%| F|  |TAMS 0x0000000084300000, 0x0000000084300000| Untracked 
|  36|0x0000000084400000, 0x0000000084400000, 0x0000000084500000|  0%| F|  |TAMS 0x0000000084400000, 0x0000000084400000| Untracked 
|  37|0x0000000084500000, 0x0000000084500000, 0x0000000084600000|  0%| F|  |TAMS 0x0000000084500000, 0x0000000084500000| Untracked 
|  38|0x0000000084600000, 0x0000000084600000, 0x0000000084700000|  0%| F|  |TAMS 0x0000000084600000, 0x0000000084600000| Untracked 
|  39|0x0000000084700000, 0x0000000084700000, 0x0000000084800000|  0%| F|  |TAMS 0x0000000084700000, 0x0000000084700000| Untracked 
|  40|0x0000000084800000, 0x0000000084800000, 0x0000000084900000|  0%| F|  |TAMS 0x0000000084800000, 0x0000000084800000| Untracked 
|  41|0x0000000084900000, 0x0000000084900000, 0x0000000084a00000|  0%| F|  |TAMS 0x0000000084900000, 0x0000000084900000| Untracked 
|  42|0x0000000084a00000, 0x0000000084a00000, 0x0000000084b00000|  0%| F|  |TAMS 0x0000000084a00000, 0x0000000084a00000| Untracked 
|  43|0x0000000084b00000, 0x0000000084b00000, 0x0000000084c00000|  0%| F|  |TAMS 0x0000000084b00000, 0x0000000084b00000| Untracked 
|  44|0x0000000084c00000, 0x0000000084c00000, 0x0000000084d00000|  0%| F|  |TAMS 0x0000000084c00000, 0x0000000084c00000| Untracked 
|  45|0x0000000084d00000, 0x0000000084d00000, 0x0000000084e00000|  0%| F|  |TAMS 0x0000000084d00000, 0x0000000084d00000| Untracked 
|  46|0x0000000084e00000, 0x0000000084e00000, 0x0000000084f00000|  0%| F|  |TAMS 0x0000000084e00000, 0x0000000084e00000| Untracked 
|  47|0x0000000084f00000, 0x0000000084f00000, 0x0000000085000000|  0%| F|  |TAMS 0x0000000084f00000, 0x0000000084f00000| Untracked 
|  48|0x0000000085000000, 0x0000000085000000, 0x0000000085100000|  0%| F|  |TAMS 0x0000000085000000, 0x0000000085000000| Untracked 
|  49|0x0000000085100000, 0x0000000085100000, 0x0000000085200000|  0%| F|  |TAMS 0x0000000085100000, 0x0000000085100000| Untracked 
|  50|0x0000000085200000, 0x0000000085200000, 0x0000000085300000|  0%| F|  |TAMS 0x0000000085200000, 0x0000000085200000| Untracked 
|  51|0x0000000085300000, 0x0000000085300000, 0x0000000085400000|  0%| F|  |TAMS 0x0000000085300000, 0x0000000085300000| Untracked 
|  52|0x0000000085400000, 0x0000000085400000, 0x0000000085500000|  0%| F|  |TAMS 0x0000000085400000, 0x0000000085400000| Untracked 
|  53|0x0000000085500000, 0x0000000085500000, 0x0000000085600000|  0%| F|  |TAMS 0x0000000085500000, 0x0000000085500000| Untracked 
|  54|0x0000000085600000, 0x0000000085600000, 0x0000000085700000|  0%| F|  |TAMS 0x0000000085600000, 0x0000000085600000| Untracked 
|  55|0x0000000085700000, 0x0000000085700000, 0x0000000085800000|  0%| F|  |TAMS 0x0000000085700000, 0x0000000085700000| Untracked 
|  56|0x0000000085800000, 0x0000000085800000, 0x0000000085900000|  0%| F|  |TAMS 0x0000000085800000, 0x0000000085800000| Untracked 
|  57|0x0000000085900000, 0x0000000085900000, 0x0000000085a00000|  0%| F|  |TAMS 0x0000000085900000, 0x0000000085900000| Untracked 
|  58|0x0000000085a00000, 0x0000000085a00000, 0x0000000085b00000|  0%| F|  |TAMS 0x0000000085a00000, 0x0000000085a00000| Untracked 
|  59|0x0000000085b00000, 0x0000000085b00000, 0x0000000085c00000|  0%| F|  |TAMS 0x0000000085b00000, 0x0000000085b00000| Untracked 
|  60|0x0000000085c00000, 0x0000000085c00000, 0x0000000085d00000|  0%| F|  |TAMS 0x0000000085c00000, 0x0000000085c00000| Untracked 
|  61|0x0000000085d00000, 0x0000000085d00000, 0x0000000085e00000|  0%| F|  |TAMS 0x0000000085d00000, 0x0000000085d00000| Untracked 
|  62|0x0000000085e00000, 0x0000000085e00000, 0x0000000085f00000|  0%| F|  |TAMS 0x0000000085e00000, 0x0000000085e00000| Untracked 
|  63|0x0000000085f00000, 0x0000000085f00000, 0x0000000086000000|  0%| F|  |TAMS 0x0000000085f00000, 0x0000000085f00000| Untracked 
|  64|0x0000000086000000, 0x0000000086000000, 0x0000000086100000|  0%| F|  |TAMS 0x0000000086000000, 0x0000000086000000| Untracked 
|  65|0x0000000086100000, 0x0000000086100000, 0x0000000086200000|  0%| F|  |TAMS 0x0000000086100000, 0x0000000086100000| Untracked 
|  66|0x0000000086200000, 0x0000000086200000, 0x0000000086300000|  0%| F|  |TAMS 0x0000000086200000, 0x0000000086200000| Untracked 
|  67|0x0000000086300000, 0x0000000086300000, 0x0000000086400000|  0%| F|  |TAMS 0x0000000086300000, 0x0000000086300000| Untracked 
|  68|0x0000000086400000, 0x0000000086400000, 0x0000000086500000|  0%| F|  |TAMS 0x0000000086400000, 0x0000000086400000| Untracked 
|  69|0x0000000086500000, 0x0000000086500000, 0x0000000086600000|  0%| F|  |TAMS 0x0000000086500000, 0x0000000086500000| Untracked 
|  70|0x0000000086600000, 0x0000000086600000, 0x0000000086700000|  0%| F|  |TAMS 0x0000000086600000, 0x0000000086600000| Untracked 
|  71|0x0000000086700000, 0x0000000086700000, 0x0000000086800000|  0%| F|  |TAMS 0x0000000086700000, 0x0000000086700000| Untracked 
|  72|0x0000000086800000, 0x0000000086800000, 0x0000000086900000|  0%| F|  |TAMS 0x0000000086800000, 0x0000000086800000| Untracked 
|  73|0x0000000086900000, 0x0000000086900000, 0x0000000086a00000|  0%| F|  |TAMS 0x0000000086900000, 0x0000000086900000| Untracked 
|  74|0x0000000086a00000, 0x0000000086a00000, 0x0000000086b00000|  0%| F|  |TAMS 0x0000000086a00000, 0x0000000086a00000| Untracked 
|  75|0x0000000086b00000, 0x0000000086b00000, 0x0000000086c00000|  0%| F|  |TAMS 0x0000000086b00000, 0x0000000086b00000| Untracked 
|  76|0x0000000086c00000, 0x0000000086c00000, 0x0000000086d00000|  0%| F|  |TAMS 0x0000000086c00000, 0x0000000086c00000| Untracked 
|  77|0x0000000086d00000, 0x0000000086d00000, 0x0000000086e00000|  0%| F|  |TAMS 0x0000000086d00000, 0x0000000086d00000| Untracked 
|  78|0x0000000086e00000, 0x0000000086e00000, 0x0000000086f00000|  0%| F|  |TAMS 0x0000000086e00000, 0x0000000086e00000| Untracked 
|  79|0x0000000086f00000, 0x0000000086f00000, 0x0000000087000000|  0%| F|  |TAMS 0x0000000086f00000, 0x0000000086f00000| Untracked 
|  80|0x0000000087000000, 0x0000000087000000, 0x0000000087100000|  0%| F|  |TAMS 0x0000000087000000, 0x0000000087000000| Untracked 
|  81|0x0000000087100000, 0x0000000087100000, 0x0000000087200000|  0%| F|  |TAMS 0x0000000087100000, 0x0000000087100000| Untracked 
|  82|0x0000000087200000, 0x0000000087200000, 0x0000000087300000|  0%| F|  |TAMS 0x0000000087200000, 0x0000000087200000| Untracked 
|  83|0x0000000087300000, 0x0000000087300000, 0x0000000087400000|  0%| F|  |TAMS 0x0000000087300000, 0x0000000087300000| Untracked 
|  84|0x0000000087400000, 0x0000000087400000, 0x0000000087500000|  0%| F|  |TAMS 0x0000000087400000, 0x0000000087400000| Untracked 
|  85|0x0000000087500000, 0x0000000087500000, 0x0000000087600000|  0%| F|  |TAMS 0x0000000087500000, 0x0000000087500000| Untracked 
|  86|0x0000000087600000, 0x0000000087600000, 0x0000000087700000|  0%| F|  |TAMS 0x0000000087600000, 0x0000000087600000| Untracked 
|  87|0x0000000087700000, 0x0000000087700000, 0x0000000087800000|  0%| F|  |TAMS 0x0000000087700000, 0x0000000087700000| Untracked 
|  88|0x0000000087800000, 0x0000000087800000, 0x0000000087900000|  0%| F|  |TAMS 0x0000000087800000, 0x0000000087800000| Untracked 
|  89|0x0000000087900000, 0x0000000087900000, 0x0000000087a00000|  0%| F|  |TAMS 0x0000000087900000, 0x0000000087900000| Untracked 
|  90|0x0000000087a00000, 0x0000000087a00000, 0x0000000087b00000|  0%| F|  |TAMS 0x0000000087a00000, 0x0000000087a00000| Untracked 
|  91|0x0000000087b00000, 0x0000000087b00000, 0x0000000087c00000|  0%| F|  |TAMS 0x0000000087b00000, 0x0000000087b00000| Untracked 
|  92|0x0000000087c00000, 0x0000000087c00000, 0x0000000087d00000|  0%| F|  |TAMS 0x0000000087c00000, 0x0000000087c00000| Untracked 
|  93|0x0000000087d00000, 0x0000000087d00000, 0x0000000087e00000|  0%| F|  |TAMS 0x0000000087d00000, 0x0000000087d00000| Untracked 
|  94|0x0000000087e00000, 0x0000000087e00000, 0x0000000087f00000|  0%| F|  |TAMS 0x0000000087e00000, 0x0000000087e00000| Untracked 
|  95|0x0000000087f00000, 0x0000000087f00000, 0x0000000088000000|  0%| F|  |TAMS 0x0000000087f00000, 0x0000000087f00000| Untracked 
|  96|0x0000000088000000, 0x0000000088000000, 0x0000000088100000|  0%| F|  |TAMS 0x0000000088000000, 0x0000000088000000| Untracked 
|  97|0x0000000088100000, 0x0000000088100000, 0x0000000088200000|  0%| F|  |TAMS 0x0000000088100000, 0x0000000088100000| Untracked 
|  98|0x0000000088200000, 0x0000000088200000, 0x0000000088300000|  0%| F|  |TAMS 0x0000000088200000, 0x0000000088200000| Untracked 
|  99|0x0000000088300000, 0x0000000088300000, 0x0000000088400000|  0%| F|  |TAMS 0x0000000088300000, 0x0000000088300000| Untracked 
| 100|0x0000000088400000, 0x0000000088400000, 0x0000000088500000|  0%| F|  |TAMS 0x0000000088400000, 0x0000000088400000| Untracked 
| 101|0x0000000088500000, 0x0000000088500000, 0x0000000088600000|  0%| F|  |TAMS 0x0000000088500000, 0x0000000088500000| Untracked 
| 102|0x0000000088600000, 0x0000000088600000, 0x0000000088700000|  0%| F|  |TAMS 0x0000000088600000, 0x0000000088600000| Untracked 
| 103|0x0000000088700000, 0x0000000088700000, 0x0000000088800000|  0%| F|  |TAMS 0x0000000088700000, 0x0000000088700000| Untracked 
| 104|0x0000000088800000, 0x0000000088800000, 0x0000000088900000|  0%| F|  |TAMS 0x0000000088800000, 0x0000000088800000| Untracked 
| 105|0x0000000088900000, 0x0000000088900000, 0x0000000088a00000|  0%| F|  |TAMS 0x0000000088900000, 0x0000000088900000| Untracked 
| 106|0x0000000088a00000, 0x0000000088a00000, 0x0000000088b00000|  0%| F|  |TAMS 0x0000000088a00000, 0x0000000088a00000| Untracked 
| 107|0x0000000088b00000, 0x0000000088b00000, 0x0000000088c00000|  0%| F|  |TAMS 0x0000000088b00000, 0x0000000088b00000| Untracked 
| 108|0x0000000088c00000, 0x0000000088c00000, 0x0000000088d00000|  0%| F|  |TAMS 0x0000000088c00000, 0x0000000088c00000| Untracked 
| 109|0x0000000088d00000, 0x0000000088d00000, 0x0000000088e00000|  0%| F|  |TAMS 0x0000000088d00000, 0x0000000088d00000| Untracked 
| 110|0x0000000088e00000, 0x0000000088e00000, 0x0000000088f00000|  0%| F|  |TAMS 0x0000000088e00000, 0x0000000088e00000| Untracked 
| 111|0x0000000088f00000, 0x0000000088f00000, 0x0000000089000000|  0%| F|  |TAMS 0x0000000088f00000, 0x0000000088f00000| Untracked 
| 112|0x0000000089000000, 0x0000000089000000, 0x0000000089100000|  0%| F|  |TAMS 0x0000000089000000, 0x0000000089000000| Untracked 
| 113|0x0000000089100000, 0x0000000089100000, 0x0000000089200000|  0%| F|  |TAMS 0x0000000089100000, 0x0000000089100000| Untracked 
| 114|0x0000000089200000, 0x0000000089200000, 0x0000000089300000|  0%| F|  |TAMS 0x0000000089200000, 0x0000000089200000| Untracked 
| 115|0x0000000089300000, 0x0000000089300000, 0x0000000089400000|  0%| F|  |TAMS 0x0000000089300000, 0x0000000089300000| Untracked 
| 116|0x0000000089400000, 0x0000000089400000, 0x0000000089500000|  0%| F|  |TAMS 0x0000000089400000, 0x0000000089400000| Untracked 
| 117|0x0000000089500000, 0x0000000089500000, 0x0000000089600000|  0%| F|  |TAMS 0x0000000089500000, 0x0000000089500000| Untracked 
| 118|0x0000000089600000, 0x0000000089600000, 0x0000000089700000|  0%| F|  |TAMS 0x0000000089600000, 0x0000000089600000| Untracked 
| 119|0x0000000089700000, 0x0000000089700000, 0x0000000089800000|  0%| F|  |TAMS 0x0000000089700000, 0x0000000089700000| Untracked 
| 120|0x0000000089800000, 0x0000000089800000, 0x0000000089900000|  0%| F|  |TAMS 0x0000000089800000, 0x0000000089800000| Untracked 
| 121|0x0000000089900000, 0x0000000089900000, 0x0000000089a00000|  0%| F|  |TAMS 0x0000000089900000, 0x0000000089900000| Untracked 
| 122|0x0000000089a00000, 0x0000000089a00000, 0x0000000089b00000|  0%| F|  |TAMS 0x0000000089a00000, 0x0000000089a00000| Untracked 
| 123|0x0000000089b00000, 0x0000000089b00000, 0x0000000089c00000|  0%| F|  |TAMS 0x0000000089b00000, 0x0000000089b00000| Untracked 
| 124|0x0000000089c00000, 0x0000000089c00000, 0x0000000089d00000|  0%| F|  |TAMS 0x0000000089c00000, 0x0000000089c00000| Untracked 
| 125|0x0000000089d00000, 0x0000000089e00000, 0x0000000089e00000|100%| E|  |TAMS 0x0000000089d00000, 0x0000000089d00000| Complete 

Card table byte_map: [0x000001eebe5d0000,0x000001eebe9c0000] _byte_map_base: 0x000001eebe1c0000

Marking Bits (Prev, Next): (CMBitMap*) 0x000001eea6fe18c0, (CMBitMap*) 0x000001eea6fe1900
 Prev Bits: [0x000001eebedb0000, 0x000001eec0d30000)
 Next Bits: [0x000001eec0d30000, 0x000001eec2cb0000)

Polling page: 0x000001eea4f50000

Metaspace:

Usage:
  Non-class:      4.00 MB capacity,     3.18 MB ( 80%) used,   838.45 KB ( 20%) free+waste,    64 bytes ( <1%) overhead. 
      Class:    384.00 KB capacity,   283.62 KB ( 74%) used,   100.31 KB ( 26%) free+waste,    64 bytes ( <1%) overhead. 
       Both:      4.38 MB capacity,     3.46 MB ( 79%) used,   938.77 KB ( 21%) free+waste,   128 bytes ( <1%) overhead. 

Virtual space:
  Non-class space:        8.00 MB reserved,       4.00 MB ( 50%) committed 
      Class space:        1.00 GB reserved,     384.00 KB ( <1%) committed 
             Both:        1.01 GB reserved,       4.38 MB ( <1%) committed 

Chunk freelists:
   Non-Class:  0 bytes
       Class:  0 bytes
        Both:  0 bytes

MaxMetaspaceSize: 17179869184.00 GB
CompressedClassSpaceSize: 1.00 GB

CodeHeap 'non-profiled nmethods': size=120000Kb used=14Kb max_used=14Kb free=119985Kb
 bounds [0x000001eeb6cb0000, 0x000001eeb6f20000, 0x000001eebe1e0000]
CodeHeap 'profiled nmethods': size=120000Kb used=93Kb max_used=93Kb free=119907Kb
 bounds [0x000001eeaf780000, 0x000001eeaf9f0000, 0x000001eeb6cb0000]
CodeHeap 'non-nmethods': size=5760Kb used=1043Kb max_used=1043Kb free=4717Kb
 bounds [0x000001eeaf1e0000, 0x000001eeaf450000, 0x000001eeaf780000]
 total_blobs=332 nmethods=69 adapters=176
 compilation: enabled
              stopped_count=0, restarted_count=0
 full_count=0

Compilation events (20 events):
Event: 0.074 Thread 0x000001eec5a0df40    9       3       java.lang.String::equals (50 bytes)
Event: 0.074 Thread 0x000001eec5a0df40 nmethod 9 0x000001eeaf783710 code [0x000001eeaf7838e0, 0x000001eeaf783ce8]
Event: 0.074 Thread 0x000001eec5a0df40   12       3       java.util.Objects::equals (23 bytes)
Event: 0.074 Thread 0x000001eec5a0df40 nmethod 12 0x000001eeaf783e10 code [0x000001eeaf783fc0, 0x000001eeaf784228]
Event: 0.074 Thread 0x000001eec5a0df40   13       3       java.util.Set::of (4 bytes)
Event: 0.074 Thread 0x000001eec5a0df40 nmethod 13 0x000001eeaf784310 code [0x000001eeaf7844a0, 0x000001eeaf784598]
Event: 0.074 Thread 0x000001eec5a0df40   14       3       java.lang.module.ModuleDescriptor$Exports::<init> (20 bytes)
Event: 0.074 Thread 0x000001eec5a0df40 nmethod 14 0x000001eeaf784610 code [0x000001eeaf7847c0, 0x000001eeaf784a38]
Event: 0.074 Thread 0x000001eec5a0df40   15       3       java.lang.module.ModuleDescriptor$Exports::hashCode (38 bytes)
Event: 0.074 Thread 0x000001eec51de380   16       4       java.lang.StringLatin1::hashCode (42 bytes)
Event: 0.074 Thread 0x000001eec5a0df40 nmethod 15 0x000001eeaf784b10 code [0x000001eeaf784ce0, 0x000001eeaf784fc8]
Event: 0.074 Thread 0x000001eec5a0df40   17       3       java.util.Objects::requireNonNull (14 bytes)
Event: 0.075 Thread 0x000001eec5a0df40 nmethod 17 0x000001eeaf785110 code [0x000001eeaf7852c0, 0x000001eeaf7854a8]
Event: 0.075 Thread 0x000001eec5a0df40   18       3       java.util.AbstractCollection::<init> (5 bytes)
Event: 0.075 Thread 0x000001eec5a0df40 nmethod 18 0x000001eeaf785590 code [0x000001eeaf785720, 0x000001eeaf785878]
Event: 0.075 Thread 0x000001eec5a0df40   19       3       java.util.ImmutableCollections$AbstractImmutableCollection::<init> (5 bytes)
Event: 0.075 Thread 0x000001eec5a0df40 nmethod 19 0x000001eeaf785910 code [0x000001eeaf785ac0, 0x000001eeaf785c78]
Event: 0.075 Thread 0x000001eec5a0df40   20       3       java.util.ImmutableCollections$AbstractImmutableSet::<init> (5 bytes)
Event: 0.075 Thread 0x000001eec5a0df40 nmethod 20 0x000001eeaf785d90 code [0x000001eeaf785f40, 0x000001eeaf786158]
Event: 0.075 Thread 0x000001eec5a0df40   21       3       java.util.Set::of (68 bytes)

GC Heap History (0 events):
No events

Deoptimization events (0 events):
No events

Classes unloaded (0 events):
No events

Classes redefined (0 events):
No events

Internal exceptions (0 events):
No events

Events (20 events):
Event: 0.071 loading class java/lang/module/ModuleDescriptor$Exports done
Event: 0.071 loading class java/lang/module/ModuleDescriptor$Opens
Event: 0.072 loading class java/lang/module/ModuleDescriptor$Opens done
Event: 0.072 loading class java/lang/module/ModuleDescriptor$Provides
Event: 0.072 loading class java/lang/module/ModuleDescriptor$Provides done
Event: 0.072 loading class java/util/ImmutableCollections$List12
Event: 0.072 loading class java/util/ImmutableCollections$List12 done
Event: 0.072 loading class java/lang/module/ModuleDescriptor$Version
Event: 0.072 loading class java/lang/module/ModuleDescriptor$Version done
Event: 0.073 loading class java/util/ArrayList
Event: 0.073 loading class java/util/ArrayList done
Event: 0.073 loading class java/lang/module/ModuleDescriptor$Modifier
Event: 0.073 loading class java/lang/Enum
Event: 0.073 loading class java/lang/Enum done
Event: 0.073 loading class java/lang/module/ModuleDescriptor$Modifier done
Event: 0.073 loading class java/lang/module/ModuleDescriptor$Requires$Modifier
Event: 0.073 loading class java/lang/module/ModuleDescriptor$Requires$Modifier done
Event: 0.075 loading class jdk/internal/module/ModuleTarget
Event: 0.075 loading class jdk/internal/module/ModuleTarget done
Event: 0.075 loading class jdk/internal/module/ModuleHashes


Dynamic libraries:
0x00007ff6dd690000 - 0x00007ff6dd69f000 	C:\Program Files\Java\jdk-15\bin\java.exe
0x00007ffff5290000 - 0x00007ffff5488000 	C:\WINDOWS\SYSTEM32\ntdll.dll
0x00007ffff3490000 - 0x00007ffff354d000 	C:\WINDOWS\System32\KERNEL32.DLL
0x00007ffff2be0000 - 0x00007ffff2eae000 	C:\WINDOWS\System32\KERNELBASE.dll
0x00007ffff2eb0000 - 0x00007ffff2fb0000 	C:\WINDOWS\System32\ucrtbase.dll
0x00007fffda6b0000 - 0x00007fffda6c8000 	C:\Program Files\Java\jdk-15\bin\jli.dll
0x00007fffd80d0000 - 0x00007fffd80e9000 	C:\Program Files\Java\jdk-15\bin\VCRUNTIME140.dll
0x00007ffff3da0000 - 0x00007ffff3e4e000 	C:\WINDOWS\System32\ADVAPI32.dll
0x00007ffff4fa0000 - 0x00007ffff503e000 	C:\WINDOWS\System32\msvcrt.dll
0x00007ffff33f0000 - 0x00007ffff348c000 	C:\WINDOWS\System32\sechost.dll
0x00007ffff3a60000 - 0x00007ffff3b85000 	C:\WINDOWS\System32\RPCRT4.dll
0x00007ffff4e00000 - 0x00007ffff4fa0000 	C:\WINDOWS\System32\USER32.dll
0x00007fffe2670000 - 0x00007fffe290a000 	C:\WINDOWS\WinSxS\amd64_microsoft.windows.common-controls_6595b64144ccf1df_6.0.19041.1110_none_60b5254171f9507e\COMCTL32.dll
0x00007ffff3290000 - 0x00007ffff32b2000 	C:\WINDOWS\System32\win32u.dll
0x00007ffff4d70000 - 0x00007ffff4d9a000 	C:\WINDOWS\System32\GDI32.dll
0x00007ffff2ad0000 - 0x00007ffff2bdb000 	C:\WINDOWS\System32\gdi32full.dll
0x00007ffff3000000 - 0x00007ffff309d000 	C:\WINDOWS\System32\msvcp_win.dll
0x00007fffec120000 - 0x00007fffec12a000 	C:\WINDOWS\SYSTEM32\VERSION.dll
0x00007ffff4ce0000 - 0x00007ffff4d10000 	C:\WINDOWS\System32\IMM32.DLL
0x00007fffee8f0000 - 0x00007fffee8fc000 	C:\Program Files\Java\jdk-15\bin\vcruntime140_1.dll
0x00007fffd1010000 - 0x00007fffd10a1000 	C:\Program Files\Java\jdk-15\bin\msvcp140.dll
0x00007fff89d60000 - 0x00007fff8a8bc000 	C:\Program Files\Java\jdk-15\bin\server\jvm.dll
0x00007ffff3d90000 - 0x00007ffff3d98000 	C:\WINDOWS\System32\PSAPI.DLL
0x00007fffe2910000 - 0x00007fffe2937000 	C:\WINDOWS\SYSTEM32\WINMM.dll
0x00007fffd21a0000 - 0x00007fffd21a9000 	C:\WINDOWS\SYSTEM32\WSOCK32.dll
0x00007ffff32f0000 - 0x00007ffff335b000 	C:\WINDOWS\System32\WS2_32.dll
0x00007ffff08b0000 - 0x00007ffff08c2000 	C:\WINDOWS\SYSTEM32\kernel.appcore.dll
0x00007fffd80c0000 - 0x00007fffd80ca000 	C:\Program Files\Java\jdk-15\bin\jimage.dll
0x00007fffd7250000 - 0x00007fffd7434000 	C:\WINDOWS\SYSTEM32\DBGHELP.DLL
0x00007fffd74a0000 - 0x00007fffd74cc000 	C:\WINDOWS\SYSTEM32\dbgcore.DLL
0x00007ffff30a0000 - 0x00007ffff3122000 	C:\WINDOWS\System32\bcryptPrimitives.dll
0x00007fffd20b0000 - 0x00007fffd20d5000 	C:\Program Files\Java\jdk-15\bin\java.dll
0x00007ffff4400000 - 0x00007ffff4b44000 	C:\WINDOWS\System32\SHELL32.dll
0x00007ffff0ab0000 - 0x00007ffff1244000 	C:\WINDOWS\SYSTEM32\windows.storage.dll
0x00007ffff36a0000 - 0x00007ffff39f4000 	C:\WINDOWS\System32\combase.dll
0x00007ffff2410000 - 0x00007ffff2440000 	C:\WINDOWS\SYSTEM32\Wldp.dll
0x00007ffff3570000 - 0x00007ffff361d000 	C:\WINDOWS\System32\SHCORE.dll
0x00007ffff5040000 - 0x00007ffff5095000 	C:\WINDOWS\System32\shlwapi.dll
0x00007ffff28f0000 - 0x00007ffff290f000 	C:\WINDOWS\SYSTEM32\profapi.dll

dbghelp: loaded successfully - version: 4.0.5 - missing functions: none
symbol engine: initialized successfully - sym options: 0x614 - pdb path: .;C:\Program Files\Java\jdk-15\bin;C:\WINDOWS\SYSTEM32;C:\WINDOWS\WinSxS\amd64_microsoft.windows.common-controls_6595b64144ccf1df_6.0.19041.1110_none_60b5254171f9507e;C:\Program Files\Java\jdk-15\bin\server

VM Arguments:
java_command: Main
java_class_path (initial): C:\Users\isabella\Desktop\CodeStuff\databases\Kstack\target\classes
Launcher Type: SUN_STANDARD

[Global flags]
     intx CICompilerCount                          = 3                                         {product} {ergonomic}
     uint ConcGCThreads                            = 1                                         {product} {ergonomic}
     uint G1ConcRefinementThreads                  = 4                                         {product} {ergonomic}
   size_t G1HeapRegionSize                         = 1048576                                   {product} {ergonomic}
    uintx GCDrainStackTargetSize                   = 64                                        {product} {ergonomic}
   size_t InitialHeapSize                          = 132120576                                 {product} {ergonomic}
   size_t MarkStackSize                            = 4194304                                   {product} {ergonomic}
   size_t MaxHeapSize                              = 2113929216                                {product} {ergonomic}
   size_t MaxNewSize                               = 1267728384                                {product} {ergonomic}
   size_t MinHeapDeltaBytes                        = 1048576                                   {product} {ergonomic}
   size_t MinHeapSize                              = 8388608                                   {product} {ergonomic}
    uintx NonNMethodCodeHeapSize                   = 5832780                                {pd product} {ergonomic}
    uintx NonProfiledCodeHeapSize                  = 122912730                              {pd product} {ergonomic}
    uintx ProfiledCodeHeapSize                     = 122912730                              {pd product} {ergonomic}
    uintx ReservedCodeCacheSize                    = 251658240                              {pd product} {ergonomic}
     bool SegmentedCodeCache                       = true                                      {product} {ergonomic}
   size_t SoftMaxHeapSize                          = 2113929216                             {manageable} {ergonomic}
     bool UseCompressedClassPointers               = true                                 {lp64_product} {ergonomic}
     bool UseCompressedOops                        = true                                 {lp64_product} {ergonomic}
     bool UseG1GC                                  = true                                      {product} {ergonomic}
     bool UseLargePagesIndividualAllocation        = false                                  {pd product} {ergonomic}

Logging:
Log output configuration:
 #0: stdout all=warning uptime,level,tags
 #1: stderr all=off uptime,level,tags

Environment Variables:
JAVA_HOME=C:\Program Files\Java\jdk-15
PATH=C:\Program Files\Common Files\Oracle\Java\javapath;C:\Program Files (x86)\Common Files\Oracle\Java\javapath;C:\ProgramData\Oracle\Java\javapath;C:\Program Files (x86)\Intel\iCLS Client\;C:\Program Files\Intel\iCLS Client\;C:\Windows\system32;C:\Windows;C:\Windows\System32\Wbem;C:\Windows\System32\WindowsPowerShell\v1.0\;C:\Program Files (x86)\Intel\Intel(R) Management Engine Components\DAL;C:\Program Files\Intel\Intel(R) Management Engine Components\DAL;C:\Program Files (x86)\Intel\Intel(R) Management Engine Components\IPT;C:\Program Files\Intel\Intel(R) Management Engine Components\IPT;C:\Program Files (x86)\NVIDIA Corporation\PhysX\Common;C:\WINDOWS\system32;C:\WINDOWS;C:\WINDOWS\System32\Wbem;C:\WINDOWS\System32\WindowsPowerShell\v1.0\;C:\Program Files (x86)\IVI Foundation\VISA\WinNT\Bin;C:\Program Files\nodejs\;C:\WINDOWS\System32\OpenSSH\;C:\Program Files\PROS\cquery;C:\Program Files\PROS\cli;C:\Program Files\Git\cmd;C:\Program Files\dotnet\;C:\Users\isabella\AppData\Local\Microsoft\WindowsApps;C:\Users\isabella\AppData\Local\Programs\Python\Python36;C:\Users\isabella\AppData\Local\Programs\Python\Python36\Scripts;C:\Users\isabella\AppData\Roaming\npm;
USERNAME=isabella
OS=Windows_NT
PROCESSOR_IDENTIFIER=Intel64 Family 6 Model 142 Stepping 9, GenuineIntel



---------------  S Y S T E M  ---------------

OS:
 Windows 10 , 64 bit Build 19041 (10.0.19041.1889)
OS uptime: 1 days 4:33 hours

CPU: total 4 (initial active 4) (2 cores per cpu, 2 threads per core) family 6 model 142 stepping 9, cmov, cx8, fxsr, mmx, sse, sse2, sse3, ssse3, sse4.1, sse4.2, popcnt, vzeroupper, avx, avx2, aes, clmul, erms, 3dnowpref, lzcnt, ht, tsc, tscinvbit, bmi1, bmi2, adx, fma, clflush, clflushopt

Memory: 4k page, system-wide physical 8060M (448M free)
TotalPageFile size 9946M (AvailPageFile size 2M)
current process WorkingSet (physical memory assigned to process): 26M, peak: 26M
current process commit charge ("private bytes"): 192M, peak: 194M

vm_info: Java HotSpot(TM) 64-Bit Server VM (15+36-1562) for windows-amd64 JRE (15+36-1562), built on Aug 11 2020 22:38:02 by "mach5one" with unknown MS VC++:1925

END.
