#
# There is insufficient memory for the Java Runtime Environment to continue.
# Native memory allocation (mmap) failed to map 132120576 bytes for G1 virtual space
# Possible reasons:
#   The system is out of physical RAM or swap space
#   The process is running with CompressedOops enabled, and the Java Heap may be blocking the growth of the native heap
# Possible solutions:
#   Reduce memory load on the system
#   Increase physical memory or swap space
#   Check if swap backing store is full
#   Decrease Java heap size (-Xmx/-Xms)
#   Decrease number of Java threads
#   Decrease Java thread stack sizes (-Xss)
#   Set larger code cache with -XX:ReservedCodeCacheSize=
#   JVM is running with Unscaled Compressed Oops mode in which the Java heap is
#     placed in the first 4GB address space. The Java Heap base address is the
#     maximum limit for the native heap growth. Please use -XX:HeapBaseMinAddress
#     to set the Java Heap base and to place the Java Heap above 4GB virtual address.
# This output file may be truncated or incomplete.
#
#  Out of Memory Error (./open/src/hotspot/os/windows/os_windows.cpp:3472), pid=16144, tid=1260
#
# JRE version:  (15.0+36) (build )
# Java VM: Java HotSpot(TM) 64-Bit Server VM (15+36-1562, mixed mode, sharing, tiered, compressed oops, g1 gc, windows-amd64)
# No core dump will be written. Minidumps are not enabled by default on client versions of Windows
#

---------------  S U M M A R Y ------------

Command Line: main

Host: Intel(R) Core(TM) i5-7200U CPU @ 2.50GHz, 4 cores, 7G,  Windows 10 , 64 bit Build 19041 (10.0.19041.1889)
Time: Tue Sep 13 19:34:15 2022 Pacific Daylight Time elapsed time: 0.014223 seconds (0d 0h 0m 0s)

---------------  T H R E A D  ---------------

Current thread (0x0000022e18671570):  JavaThread "Unknown thread" [_thread_in_vm, id=1260, stack(0x000000b98f400000,0x000000b98f500000)]

Stack: [0x000000b98f400000,0x000000b98f500000]
Native frames: (J=compiled Java code, j=interpreted, Vv=VM code, C=native code)
V  [jvm.dll+0x629eaa]
V  [jvm.dll+0x780379]
V  [jvm.dll+0x781ad3]
V  [jvm.dll+0x782133]
V  [jvm.dll+0x2159d5]
V  [jvm.dll+0x627299]
V  [jvm.dll+0x61bdd5]
V  [jvm.dll+0x2cf96d]
V  [jvm.dll+0x2cf7d2]
V  [jvm.dll+0x2d57ac]
V  [jvm.dll+0x32523a]
V  [jvm.dll+0x324904]
V  [jvm.dll+0x2a68ea]
V  [jvm.dll+0x2a7a88]
V  [jvm.dll+0x75d0f1]
V  [jvm.dll+0x333af4]
V  [jvm.dll+0x73d816]
V  [jvm.dll+0x3b68e7]
V  [jvm.dll+0x3b8371]
C  [jli.dll+0x52fb]
C  [ucrtbase.dll+0x21bb2]
C  [KERNEL32.DLL+0x17034]
C  [ntdll.dll+0x52651]


---------------  P R O C E S S  ---------------

Threads class SMR info:
_java_thread_list=0x00007ffdb02b2fa0, length=0, elements={
}

Java Threads: ( => current thread )

Other Threads:
  0x0000022e186b1840 GCTaskThread "GC Thread#0" [stack: 0x000000b98f500000,0x000000b98f600000] [id=10024]
  0x0000022e186c2710 ConcurrentGCThread "G1 Main Marker" [stack: 0x000000b98f600000,0x000000b98f700000] [id=10676]
  0x0000022e186c3b20 ConcurrentGCThread "G1 Conc#0" [stack: 0x000000b98f700000,0x000000b98f800000] [id=3236]

[error occurred during error reporting (printing all threads), id 0xc0000005, EXCEPTION_ACCESS_VIOLATION (0xc0000005) at pc=0x00007ffdafaa77b7]

VM state: not at safepoint (not fully initialized)

VM Mutex/Monitor currently owned by a thread:  ([mutex/lock_event])
[0x0000022e1866c620] Heap_lock - owner thread: 0x0000022e18671570

Heap address: 0x0000000082000000, size: 2016 MB, Compressed Oops mode: 32-bit
CDS archive(s) mapped at: [0x0000000000000000-0x0000000000000000-0x0000000000000000), size 0, SharedBaseAddress: 0x0000000800000000, ArchiveRelocationMode: 0.
Narrow klass base: 0x0000000000000000, Narrow klass shift: 0, Narrow klass range: 0x0

Heap:
 garbage-first heap   total 129024K, used 0K [0x0000000082000000, 0x0000000100000000)
  region size 1024K, 0 young (0K), 0 survivors (0K)
 Metaspace       used 0K, capacity 0K, committed 0K, reserved 0K
  class space    used 0K, capacity 0K, committed 0K, reserved 0K

Heap Regions: E=young(eden), S=young(survivor), O=old, HS=humongous(starts), HC=humongous(continues), CS=collection set, F=free, OA=open archive, CA=closed archive, TAMS=top-at-mark-start (previous, next)

Card table byte_map: [0x0000022e31a90000,0x0000022e31e80000] _byte_map_base: 0x0000022e31680000

Marking Bits (Prev, Next): (CMBitMap*) 0x0000022e186b20b0, (CMBitMap*) 0x0000022e186b20f0
 Prev Bits: [0x0000022e32270000, 0x0000022e341f0000)
 Next Bits: [0x0000022e341f0000, 0x0000022e36170000)

GC Heap History (0 events):
No events

Deoptimization events (0 events):
No events

Classes unloaded (0 events):
No events

Classes redefined (0 events):
No events

Internal exceptions (0 events):
No events

Events (1 events):
Event: 0.005 Loaded shared library C:\Program Files\Java\jdk-15\bin\java.dll


Dynamic libraries:
0x00007ff742340000 - 0x00007ff74234f000 	C:\Program Files\Java\jdk-15\bin\java.exe
0x00007ffe344d0000 - 0x00007ffe346c8000 	C:\WINDOWS\SYSTEM32\ntdll.dll
0x00007ffe32ef0000 - 0x00007ffe32fad000 	C:\WINDOWS\System32\KERNEL32.DLL
0x00007ffe32140000 - 0x00007ffe3240e000 	C:\WINDOWS\System32\KERNELBASE.dll
0x00007ffe31bf0000 - 0x00007ffe31cf0000 	C:\WINDOWS\System32\ucrtbase.dll
0x00007ffe2c150000 - 0x00007ffe2c168000 	C:\Program Files\Java\jdk-15\bin\jli.dll
0x00007ffe2d720000 - 0x00007ffe2d739000 	C:\Program Files\Java\jdk-15\bin\VCRUNTIME140.dll
0x00007ffe334f0000 - 0x00007ffe3359e000 	C:\WINDOWS\System32\ADVAPI32.dll
0x00007ffe335a0000 - 0x00007ffe3363e000 	C:\WINDOWS\System32\msvcrt.dll
0x00007ffe343f0000 - 0x00007ffe3448c000 	C:\WINDOWS\System32\sechost.dll
0x00007ffe337c0000 - 0x00007ffe338e5000 	C:\WINDOWS\System32\RPCRT4.dll
0x00007ffe32990000 - 0x00007ffe32b30000 	C:\WINDOWS\System32\USER32.dll
0x00007ffe320c0000 - 0x00007ffe320e2000 	C:\WINDOWS\System32\win32u.dll
0x00007ffe341c0000 - 0x00007ffe341ea000 	C:\WINDOWS\System32\GDI32.dll
0x00007ffe206a0000 - 0x00007ffe2093a000 	C:\WINDOWS\WinSxS\amd64_microsoft.windows.common-controls_6595b64144ccf1df_6.0.19041.1110_none_60b5254171f9507e\COMCTL32.dll
0x00007ffe31ee0000 - 0x00007ffe31feb000 	C:\WINDOWS\System32\gdi32full.dll
0x00007ffe32020000 - 0x00007ffe320bd000 	C:\WINDOWS\System32\msvcp_win.dll
0x00007ffe2a320000 - 0x00007ffe2a32a000 	C:\WINDOWS\SYSTEM32\VERSION.dll
0x00007ffe34330000 - 0x00007ffe34360000 	C:\WINDOWS\System32\IMM32.DLL
0x00007ffe2d710000 - 0x00007ffe2d71c000 	C:\Program Files\Java\jdk-15\bin\vcruntime140_1.dll
0x00007ffde86e0000 - 0x00007ffde8771000 	C:\Program Files\Java\jdk-15\bin\msvcp140.dll
0x00007ffdaf7f0000 - 0x00007ffdb034c000 	C:\Program Files\Java\jdk-15\bin\server\jvm.dll
0x00007ffe34120000 - 0x00007ffe34128000 	C:\WINDOWS\System32\PSAPI.DLL
0x00007ffe104d0000 - 0x00007ffe104d9000 	C:\WINDOWS\SYSTEM32\WSOCK32.dll
0x00007ffe20ba0000 - 0x00007ffe20bc7000 	C:\WINDOWS\SYSTEM32\WINMM.dll
0x00007ffe342a0000 - 0x00007ffe3430b000 	C:\WINDOWS\System32\WS2_32.dll
0x00007ffe2faf0000 - 0x00007ffe2fb02000 	C:\WINDOWS\SYSTEM32\kernel.appcore.dll
0x00007ffe2c820000 - 0x00007ffe2c82a000 	C:\Program Files\Java\jdk-15\bin\jimage.dll
0x00007ffe15210000 - 0x00007ffe153f4000 	C:\WINDOWS\SYSTEM32\DBGHELP.DLL
0x00007ffe151e0000 - 0x00007ffe1520c000 	C:\WINDOWS\SYSTEM32\dbgcore.DLL
0x00007ffe31cf0000 - 0x00007ffe31d72000 	C:\WINDOWS\System32\bcryptPrimitives.dll
0x00007ffe0ac20000 - 0x00007ffe0ac45000 	C:\Program Files\Java\jdk-15\bin\java.dll

dbghelp: loaded successfully - version: 4.0.5 - missing functions: none
symbol engine: initialized successfully - sym options: 0x614 - pdb path: .;C:\Program Files\Java\jdk-15\bin;C:\WINDOWS\SYSTEM32;C:\WINDOWS\WinSxS\amd64_microsoft.windows.common-controls_6595b64144ccf1df_6.0.19041.1110_none_60b5254171f9507e;C:\Program Files\Java\jdk-15\bin\server

VM Arguments:
java_command: main
java_class_path (initial): C:\Users\isabella\Desktop\CodeStuff\databases\Kbinarytree\target\classes
Launcher Type: SUN_STANDARD

[Global flags]
     intx CICompilerCount                          = 3                                         {product} {ergonomic}
     uint ConcGCThreads                            = 1                                         {product} {ergonomic}
     uint G1ConcRefinementThreads                  = 4                                         {product} {ergonomic}
   size_t G1HeapRegionSize                         = 1048576                                   {product} {ergonomic}
    uintx GCDrainStackTargetSize                   = 64                                        {product} {ergonomic}
   size_t InitialHeapSize                          = 132120576                                 {product} {ergonomic}
   size_t MarkStackSize                            = 4194304                                   {product} {ergonomic}
   size_t MaxHeapSize                              = 2113929216                                {product} {ergonomic}
   size_t MinHeapDeltaBytes                        = 1048576                                   {product} {ergonomic}
   size_t MinHeapSize                              = 8388608                                   {product} {ergonomic}
    uintx NonNMethodCodeHeapSize                   = 5832780                                {pd product} {ergonomic}
    uintx NonProfiledCodeHeapSize                  = 122912730                              {pd product} {ergonomic}
    uintx ProfiledCodeHeapSize                     = 122912730                              {pd product} {ergonomic}
    uintx ReservedCodeCacheSize                    = 251658240                              {pd product} {ergonomic}
     bool SegmentedCodeCache                       = true                                      {product} {ergonomic}
   size_t SoftMaxHeapSize                          = 2113929216                             {manageable} {ergonomic}
     bool UseCompressedClassPointers               = true                                 {lp64_product} {ergonomic}
     bool UseCompressedOops                        = true                                 {lp64_product} {ergonomic}
     bool UseG1GC                                  = true                                      {product} {ergonomic}
     bool UseLargePagesIndividualAllocation        = false                                  {pd product} {ergonomic}

Logging:
Log output configuration:
 #0: stdout all=warning uptime,level,tags
 #1: stderr all=off uptime,level,tags

Environment Variables:
JAVA_HOME=C:\Program Files\Java\jdk-15
PATH=C:\Program Files\Common Files\Oracle\Java\javapath;C:\Program Files (x86)\Common Files\Oracle\Java\javapath;C:\ProgramData\Oracle\Java\javapath;C:\Program Files (x86)\Intel\iCLS Client\;C:\Program Files\Intel\iCLS Client\;C:\Windows\system32;C:\Windows;C:\Windows\System32\Wbem;C:\Windows\System32\WindowsPowerShell\v1.0\;C:\Program Files (x86)\Intel\Intel(R) Management Engine Components\DAL;C:\Program Files\Intel\Intel(R) Management Engine Components\DAL;C:\Program Files (x86)\Intel\Intel(R) Management Engine Components\IPT;C:\Program Files\Intel\Intel(R) Management Engine Components\IPT;C:\Program Files (x86)\NVIDIA Corporation\PhysX\Common;C:\WINDOWS\system32;C:\WINDOWS;C:\WINDOWS\System32\Wbem;C:\WINDOWS\System32\WindowsPowerShell\v1.0\;C:\Program Files (x86)\IVI Foundation\VISA\WinNT\Bin;C:\Program Files\nodejs\;C:\WINDOWS\System32\OpenSSH\;C:\Program Files\PROS\cquery;C:\Program Files\PROS\cli;C:\Program Files\Git\cmd;C:\Program Files\dotnet\;C:\Users\isabella\AppData\Local\Microsoft\WindowsApps;C:\Users\isabella\AppData\Local\Programs\Python\Python36;C:\Users\isabella\AppData\Local\Programs\Python\Python36\Scripts;C:\Users\isabella\AppData\Roaming\npm;
USERNAME=isabella
OS=Windows_NT
PROCESSOR_IDENTIFIER=Intel64 Family 6 Model 142 Stepping 9, GenuineIntel



---------------  S Y S T E M  ---------------

OS:
 Windows 10 , 64 bit Build 19041 (10.0.19041.1889)
OS uptime: 0 days 2:40 hours

CPU: total 4 (initial active 4) (2 cores per cpu, 2 threads per core) family 6 model 142 stepping 9, cmov, cx8, fxsr, mmx, sse, sse2, sse3, ssse3, sse4.1, sse4.2, popcnt, vzeroupper, avx, avx2, aes, clmul, erms, 3dnowpref, lzcnt, ht, tsc, tscinvbit, bmi1, bmi2, adx, fma, clflush, clflushopt

Memory: 4k page, system-wide physical 8060M (1241M free)
TotalPageFile size 9408M (AvailPageFile size 130M)
current process WorkingSet (physical memory assigned to process): 10M, peak: 10M
current process commit charge ("private bytes"): 51M, peak: 177M

vm_info: Java HotSpot(TM) 64-Bit Server VM (15+36-1562) for windows-amd64 JRE (15+36-1562), built on Aug 11 2020 22:38:02 by "mach5one" with unknown MS VC++:1925

END.
